<?xml version="1.0" encoding="UTF-8"?>
<!-- Generated by org.testng.reporters.JUnitReportReporter -->
<testsuite hostname="ASUS" failures="0" tests="2" name="com.guru99.demo.TS_Login" time="8.445" errors="0" timestamp="30 Jan 2023 01:24:00 GMT" skipped="0">
  <testcase classname="com.guru99.demo.TS_Login" name="ts_02_LoginUsingUrlAndValidInfo" time="4.530"/>
  <testcase classname="com.guru99.demo.TS_Login" name="ts_01_LoginWithValid" time="3.915"/>
</testsuite> <!-- com.guru99.demo.TS_Login -->
